
> @mindcanvas/web@0.1.0 build
> next build

Attention: Next.js now collects completely anonymous telemetry regarding usage.
This information is used to shape Next.js' roadmap and prioritize features.
You can learn more, including how to opt-out if you'd not like to participate in this anonymous program, by visiting the following URL:
https://nextjs.org/telemetry

   â–² Next.js 15.5.4

   Creating an optimized production build ...
 âœ“ Compiled successfully in 12.5s
   Linting and checking validity of types ...
Failed to compile.

./app/t/[token]/report/page.tsx:112:14
Type error: Type '{ children: string; jsx: true; global: true; }' is not assignable to type 'DetailedHTMLProps<StyleHTMLAttributes<HTMLStyleElement>, HTMLStyleElement>'.
  Property 'jsx' does not exist on type 'DetailedHTMLProps<StyleHTMLAttributes<HTMLStyleElement>, HTMLStyleElement>'.

[0m [90m 110 |[39m
 [90m 111 |[39m       {[90m/* Print styles */[39m}
[31m[1m>[22m[39m[90m 112 |[39m       [33m<[39m[33mstyle[39m jsx global[33m>[39m{[32m`[39m
 [90m     |[39m              [31m[1m^[22m[39m
 [90m 113 |[39m [32m        @media print {[39m
 [90m 114 |[39m [32m          html, body { background: white; }[39m
 [90m 115 |[39m [32m          main { box-shadow: none !important; }[39m[0m
Next.js build worker exited with code: 1 and signal: null
npm ERR! Lifecycle script `build` failed with error: 
npm ERR! Error: command failed 
npm ERR!   in workspace: @mindcanvas/web@0.1.0 
npm ERR!   at location: /workspaces/mindcanvas-brain/apps/web 
